MIF/HEX Update report for CPU_chip
Fri Nov 09 14:19:22 2012
Quartus II 32-bit Version 11.1 Build 216 11/23/2011 Service Pack 1 SJ Web Edition


---------------------
; Table of Contents ;
---------------------
  1. Legal Notice
  2. MIF/HEX Update Summary
  3. MIF/HEX Update Processed Files
  4. MIF/HEX Update Messages



----------------
; Legal Notice ;
----------------
Copyright (C) 1991-2011 Altera Corporation
Your use of Altera Corporation's design tools, logic functions 
and other software and tools, and its AMPP partner logic 
functions, and any output files from any of the foregoing 
(including device programming or simulation files), and any 
associated documentation or information are expressly subject 
to the terms and conditions of the Altera Program License 
Subscription Agreement, Altera MegaCore Function License 
Agreement, or other applicable license agreement, including, 
without limitation, that your use is for the sole purpose of 
programming logic devices manufactured by Altera and sold by 
Altera or its authorized distributors.  Please refer to the 
applicable agreement for further details.



+---------------------------------------------------------------+
; MIF/HEX Update Summary                                        ;
+-----------------------+---------------------------------------+
; MIF/HEX Update Status ; Successful - Fri Nov 09 14:19:22 2012 ;
; Revision Name         ; CPU_chip                              ;
; Top-level Entity Name ; CPU_chip                              ;
; Family                ; Cyclone IV E                          ;
; Device                ; EP4CE115F29C7                         ;
+-----------------------+---------------------------------------+


+---------------------------------------------------------+
; MIF/HEX Update Processed Files                          ;
+---------------------------------------------------------+
; File Name                                               ;
+---------------------------------------------------------+
; C:/Users/paul.maxwell/Documents/MARC2_DE2/systemrom.mif ;
+---------------------------------------------------------+


+-------------------------+
; MIF/HEX Update Messages ;
+-------------------------+
Info: *******************************************************************
Info: Running Quartus II 32-bit MIF/HEX Update
    Info: Version 11.1 Build 216 11/23/2011 Service Pack 1 SJ Web Edition
    Info: Processing started: Fri Nov 09 14:19:21 2012
Info: Command: quartus_cdb MARC2_DE2 -c CPU_chip --update_mif
Info (39024): Processed the following Memory Initialization File(s)
    Info (39025): Processed Memory Initialization File C:/Users/paul.maxwell/Documents/MARC2_DE2/systemrom.mif
Info: Quartus II 32-bit MIF/HEX Update was successful. 0 errors, 0 warnings
    Info: Peak virtual memory: 270 megabytes
    Info: Processing ended: Fri Nov 09 14:19:22 2012
    Info: Elapsed time: 00:00:01
    Info: Total CPU time (on all processors): 00:00:01


